#
# There is insufficient memory for the Java Runtime Environment to continue.
# Native memory allocation (malloc) failed to allocate 207776 bytes for Chunk::new
# Possible reasons:
#   The system is out of physical RAM or swap space
#   In 32 bit mode, the process size limit was hit
# Possible solutions:
#   Reduce memory load on the system
#   Increase physical memory or swap space
#   Check if swap backing store is full
#   Use 64 bit Java on a 64 bit OS
#   Decrease Java heap size (-Xmx/-Xms)
#   Decrease number of Java threads
#   Decrease Java thread stack sizes (-Xss)
#   Set larger code cache with -XX:ReservedCodeCacheSize=
# This output file may be truncated or incomplete.
#
#  Out of Memory Error (allocation.cpp:390), pid=16976, tid=0x0000000000005144
#
# JRE version: OpenJDK Runtime Environment (8.0) (build 1.8.0-adoptopenjdk-_2018_05_19_00_59-b00)
# Java VM: OpenJDK 64-Bit Server VM (25.71-b00 mixed mode windows-amd64 compressed oops)
# Failed to write core dump. Minidumps are not enabled by default on client versions of Windows
#

---------------  T H R E A D  ---------------

Current thread (0x000000001e7aa000):  JavaThread "C2 CompilerThread0" daemon [_thread_in_native, id=20804, stack(0x000000001ef70000,0x000000001f070000)]

Stack: [0x000000001ef70000,0x000000001f070000]
[error occurred during error reporting (printing stack bounds), id 0xc0000005]

Native frames: (J=compiled Java code, j=interpreted, Vv=VM code, C=native code)


Current CompileTask:
C2:   7168  736       4       java.util.HashMap::putVal (300 bytes)


---------------  P R O C E S S  ---------------

Java Threads: ( => current thread )
  0x000000001e7d6800 JavaThread "Service Thread" daemon [_thread_blocked, id=24548, stack(0x000000001f370000,0x000000001f470000)]
  0x000000001e7bd800 JavaThread "C1 CompilerThread3" daemon [_thread_blocked, id=21076, stack(0x000000001f270000,0x000000001f370000)]
  0x000000001e7b4000 JavaThread "C2 CompilerThread2" daemon [_thread_in_native, id=11932, stack(0x000000001f170000,0x000000001f270000)]
  0x000000001e7ae800 JavaThread "C2 CompilerThread1" daemon [_thread_blocked, id=30616, stack(0x000000001f070000,0x000000001f170000)]
=>0x000000001e7aa000 JavaThread "C2 CompilerThread0" daemon [_thread_in_native, id=20804, stack(0x000000001ef70000,0x000000001f070000)]
  0x000000001e7a8800 JavaThread "Attach Listener" daemon [_thread_blocked, id=26700, stack(0x000000001ee70000,0x000000001ef70000)]
  0x000000001e7a7000 JavaThread "Signal Dispatcher" daemon [_thread_blocked, id=25920, stack(0x000000001ed70000,0x000000001ee70000)]
  0x000000001e7a0800 JavaThread "Finalizer" daemon [_thread_blocked, id=21844, stack(0x000000001eb80000,0x000000001ec80000)]
  0x000000001c8aa800 JavaThread "Reference Handler" daemon [_thread_blocked, id=18604, stack(0x000000001e680000,0x000000001e780000)]
  0x0000000002df2800 JavaThread "main" [_thread_in_vm, id=19616, stack(0x0000000002cf0000,0x0000000002df0000)]

Other Threads:
  0x000000001c8a6800 VMThread [stack: 0x000000001e580000,0x000000001e680000] [id=23472]
  0x000000001e7d8800 WatcherThread [stack: 0x000000001f470000,0x000000001f570000] [id=8948]

VM state:not at safepoint (normal execution)

VM Mutex/Monitor currently owned by a thread: None

Heap:
 PSYoungGen      total 75776K, used 28633K [0x000000076b700000, 0x0000000770b80000, 0x00000007c0000000)
  eden space 65024K, 44% used [0x000000076b700000,0x000000076d2f67c0,0x000000076f680000)
  from space 10752K, 0% used [0x0000000770100000,0x0000000770100000,0x0000000770b80000)
  to   space 10752K, 0% used [0x000000076f680000,0x000000076f680000,0x0000000770100000)
 ParOldGen       total 173568K, used 0K [0x00000006c2400000, 0x00000006ccd80000, 0x000000076b700000)
  object space 173568K, 0% used [0x00000006c2400000,0x00000006c2400000,0x00000006ccd80000)
 Metaspace       used 7499K, capacity 7734K, committed 7808K, reserved 1056768K
  class space    used 996K, capacity 1093K, committed 1152K, reserved 1048576K

Card table byte_map: [0x00000000122b0000,0x0000000012aa0000] byte_map_base: 0x000000000ec9e000

Marking Bits: (ParMarkBitMap*) 0x000000006640be50
 Begin Bits: [0x00000000137f0000, 0x0000000017760000)
 End Bits:   [0x0000000017760000, 0x000000001b6d0000)

Polling page: 0x0000000000e20000

CodeCache: size=245760Kb used=2932Kb max_used=2943Kb free=242827Kb
 bounds [0x0000000002ef0000, 0x00000000031e0000, 0x0000000011ef0000]
 total_blobs=1031 nmethods=741 adapters=204
 compilation: enabled

Compilation events (10 events):
Event: 7.143 Thread 0x000000001e7bd800  738       3       java.io.BufferedReader::readLine (6 bytes)
Event: 7.143 Thread 0x000000001e7bd800 nmethod 738 0x00000000031c4010 code [0x00000000031c4180, 0x00000000031c4328]
Event: 7.143 Thread 0x000000001e7bd800  739       3       java.net.URI::decode (73 bytes)
Event: 7.144 Thread 0x000000001e7bd800 nmethod 739 0x00000000031ba410 code [0x00000000031ba580, 0x00000000031ba850]
Event: 7.150 Thread 0x000000001e7bd800  740       3       java.util.regex.Pattern$Dot::isSatisfiedBy (34 bytes)
Event: 7.150 Thread 0x000000001e7bd800 nmethod 740 0x00000000031c29d0 code [0x00000000031c2b40, 0x00000000031c2db0]
Event: 7.150 Thread 0x000000001e7ae800  741       4       java.util.regex.Pattern$Node::match (27 bytes)
Event: 7.150 Thread 0x000000001e7bd800  742       3       java.util.regex.Pattern$Single::isSatisfiedBy (14 bytes)
Event: 7.150 Thread 0x000000001e7bd800 nmethod 742 0x00000000031c2650 code [0x00000000031c27a0, 0x00000000031c2950]
Event: 7.151 Thread 0x000000001e7ae800 nmethod 741 0x00000000031ba150 code [0x00000000031ba280, 0x00000000031ba338]

GC Heap History (0 events):
No events

Deoptimization events (2 events):
Event: 2.801 Thread 0x0000000002df2800 Uncommon trap: reason=unstable_if action=reinterpret pc=0x0000000003041d54 method=java.lang.String.toLowerCase(Ljava/util/Locale;)Ljava/lang/String; @ 85
Event: 7.029 Thread 0x0000000002df2800 Uncommon trap: reason=unstable_if action=reinterpret pc=0x0000000003186504 method=java.util.HashMap.hash(Ljava/lang/Object;)I @ 1

Classes redefined (0 events):
No events

Internal exceptions (10 events):
Event: 7.029 Thread 0x0000000002df2800 Implicit null exception at 0x00000000031862d5 to 0x00000000031864f5
Event: 7.075 Thread 0x0000000002df2800 Exception <a 'java/lang/ArrayIndexOutOfBoundsException'> (0x000000076ce40e68) thrown at [C:\Users\jenkins\workspace\openjdk8_build_x86-64_windows\openjdk\hotspot\src\share\vm\runtime\sharedRuntime.cpp, line 605]
Event: 7.075 Thread 0x0000000002df2800 Exception <a 'java/lang/ArrayIndexOutOfBoundsException'> (0x000000076ce43ea0) thrown at [C:\Users\jenkins\workspace\openjdk8_build_x86-64_windows\openjdk\hotspot\src\share\vm\runtime\sharedRuntime.cpp, line 605]
Event: 7.076 Thread 0x0000000002df2800 Exception <a 'java/lang/ArrayIndexOutOfBoundsException'> (0x000000076ce4db40) thrown at [C:\Users\jenkins\workspace\openjdk8_build_x86-64_windows\openjdk\hotspot\src\share\vm\runtime\sharedRuntime.cpp, line 605]
Event: 7.076 Thread 0x0000000002df2800 Exception <a 'java/lang/ArrayIndexOutOfBoundsException'> (0x000000076ce4f8e8) thrown at [C:\Users\jenkins\workspace\openjdk8_build_x86-64_windows\openjdk\hotspot\src\share\vm\runtime\sharedRuntime.cpp, line 605]
Event: 7.076 Thread 0x0000000002df2800 Exception <a 'java/lang/ArrayIndexOutOfBoundsException'> (0x000000076ce51a68) thrown at [C:\Users\jenkins\workspace\openjdk8_build_x86-64_windows\openjdk\hotspot\src\share\vm\runtime\sharedRuntime.cpp, line 605]
Event: 7.077 Thread 0x0000000002df2800 Exception <a 'java/lang/ArrayIndexOutOfBoundsException'> (0x000000076ce5ef00) thrown at [C:\Users\jenkins\workspace\openjdk8_build_x86-64_windows\openjdk\hotspot\src\share\vm\runtime\sharedRuntime.cpp, line 605]
Event: 7.078 Thread 0x0000000002df2800 Exception <a 'java/lang/ArrayIndexOutOfBoundsException'> (0x000000076ce6afc0) thrown at [C:\Users\jenkins\workspace\openjdk8_build_x86-64_windows\openjdk\hotspot\src\share\vm\runtime\sharedRuntime.cpp, line 605]
Event: 7.078 Thread 0x0000000002df2800 Exception <a 'java/lang/ArrayIndexOutOfBoundsException'> (0x000000076ce6c998) thrown at [C:\Users\jenkins\workspace\openjdk8_build_x86-64_windows\openjdk\hotspot\src\share\vm\runtime\sharedRuntime.cpp, line 605]
Event: 7.078 Thread 0x0000000002df2800 Exception <a 'java/lang/ArrayIndexOutOfBoundsException'> (0x000000076ce6ea00) thrown at [C:\Users\jenkins\workspace\openjdk8_build_x86-64_windows\openjdk\hotspot\src\share\vm\runtime\sharedRuntime.cpp, line 605]

Events (10 events):
Event: 7.159 loading class org/gradle/internal/reflect/ReflectionCache$CachedInvokable
Event: 7.159 loading class org/gradle/internal/reflect/ReflectionCache$CachedInvokable done
Event: 7.159 loading class org/gradle/internal/reflect/JavaReflectionUtil$CachedConstructor
Event: 7.159 loading class org/gradle/internal/reflect/JavaReflectionUtil$CachedConstructor done
Event: 7.160 loading class org/gradle/internal/reflect/ReflectionCache$WeaklyClassReferencingCache
Event: 7.160 loading class org/gradle/internal/reflect/ReflectionCache$WeaklyClassReferencingCache done
Event: 7.161 loading class org/gradle/internal/reflect/ReflectionCache$CacheEntry
Event: 7.161 loading class org/gradle/internal/reflect/ReflectionCache$CacheEntry done
Event: 7.165 loading class com/google/common/collect/Platform
Event: 7.165 loading class com/google/common/collect/Platform done


Dynamic libraries:
0x00007ff626460000 - 0x00007ff626495000 	C:\Program Files\Unity\Hub\Editor\2019.3.0a3\Editor\Data\PlaybackEngines\AndroidPlayer\Tools\OpenJDK\Windows\bin\java.exe
0x00007ffcc4750000 - 0x00007ffcc4931000 	C:\WINDOWS\SYSTEM32\ntdll.dll
0x00007ffcc3f60000 - 0x00007ffcc4011000 	C:\WINDOWS\System32\KERNEL32.DLL
0x00007ffcc1060000 - 0x00007ffcc12d3000 	C:\WINDOWS\System32\KERNELBASE.dll
0x00007ffcc3c90000 - 0x00007ffcc3d31000 	C:\WINDOWS\System32\ADVAPI32.dll
0x00007ffcc3680000 - 0x00007ffcc371e000 	C:\WINDOWS\System32\msvcrt.dll
0x00007ffcc1d20000 - 0x00007ffcc1d7b000 	C:\WINDOWS\System32\sechost.dll
0x00007ffcc1be0000 - 0x00007ffcc1d04000 	C:\WINDOWS\System32\RPCRT4.dll
0x00007ffcc3dd0000 - 0x00007ffcc3f60000 	C:\WINDOWS\System32\USER32.dll
0x00007ffcc0b20000 - 0x00007ffcc0b40000 	C:\WINDOWS\System32\win32u.dll
0x00007ffcc3da0000 - 0x00007ffcc3dc8000 	C:\WINDOWS\System32\GDI32.dll
0x00007ffcc0ba0000 - 0x00007ffcc0d32000 	C:\WINDOWS\System32\gdi32full.dll
0x00007ffcc0d40000 - 0x00007ffcc0ddf000 	C:\WINDOWS\System32\msvcp_win.dll
0x00007ffcc0e30000 - 0x00007ffcc0f28000 	C:\WINDOWS\System32\ucrtbase.dll
0x00007ffcaf510000 - 0x00007ffcaf779000 	C:\WINDOWS\WinSxS\amd64_microsoft.windows.common-controls_6595b64144ccf1df_6.0.17134.765_none_fb42a1a930655896\COMCTL32.dll
0x00007ffcc3900000 - 0x00007ffcc3c22000 	C:\WINDOWS\System32\combase.dll
0x00007ffcc0fe0000 - 0x00007ffcc105a000 	C:\WINDOWS\System32\bcryptPrimitives.dll
0x00007ffcc3450000 - 0x00007ffcc347d000 	C:\WINDOWS\System32\IMM32.DLL
0x0000000066490000 - 0x0000000066562000 	C:\Program Files\Unity\Hub\Editor\2019.3.0a3\Editor\Data\PlaybackEngines\AndroidPlayer\Tools\OpenJDK\Windows\jre\bin\msvcr100.dll
0x0000000065c40000 - 0x0000000066489000 	C:\Program Files\Unity\Hub\Editor\2019.3.0a3\Editor\Data\PlaybackEngines\AndroidPlayer\Tools\OpenJDK\Windows\jre\bin\server\jvm.dll
0x00007ffcc1d10000 - 0x00007ffcc1d18000 	C:\WINDOWS\System32\PSAPI.DLL
0x00007ffcbb9a0000 - 0x00007ffcbb9aa000 	C:\WINDOWS\SYSTEM32\VERSION.dll
0x00007ffca4560000 - 0x00007ffca4569000 	C:\WINDOWS\SYSTEM32\WSOCK32.dll
0x00007ffcbd600000 - 0x00007ffcbd623000 	C:\WINDOWS\SYSTEM32\WINMM.dll
0x00007ffcc3480000 - 0x00007ffcc34ec000 	C:\WINDOWS\System32\WS2_32.dll
0x00007ffcbd450000 - 0x00007ffcbd47a000 	C:\WINDOWS\SYSTEM32\winmmbase.dll
0x00007ffcc0de0000 - 0x00007ffcc0e29000 	C:\WINDOWS\System32\cfgmgr32.dll
0x00007ffcbd580000 - 0x00007ffcbd58f000 	C:\Program Files\Unity\Hub\Editor\2019.3.0a3\Editor\Data\PlaybackEngines\AndroidPlayer\Tools\OpenJDK\Windows\jre\bin\verify.dll
0x00007ffc91cc0000 - 0x00007ffc91ce9000 	C:\Program Files\Unity\Hub\Editor\2019.3.0a3\Editor\Data\PlaybackEngines\AndroidPlayer\Tools\OpenJDK\Windows\jre\bin\java.dll
0x00007ffcb7040000 - 0x00007ffcb7056000 	C:\Program Files\Unity\Hub\Editor\2019.3.0a3\Editor\Data\PlaybackEngines\AndroidPlayer\Tools\OpenJDK\Windows\jre\bin\zip.dll
0x00007ffcc1d90000 - 0x00007ffcc31d0000 	C:\WINDOWS\System32\SHELL32.dll
0x00007ffcc32a0000 - 0x00007ffcc3349000 	C:\WINDOWS\System32\shcore.dll
0x00007ffcc12e0000 - 0x00007ffcc19ed000 	C:\WINDOWS\System32\windows.storage.dll
0x00007ffcc3d40000 - 0x00007ffcc3d91000 	C:\WINDOWS\System32\shlwapi.dll
0x00007ffcc0b00000 - 0x00007ffcc0b11000 	C:\WINDOWS\System32\kernel.appcore.dll
0x00007ffcc0ac0000 - 0x00007ffcc0adf000 	C:\WINDOWS\System32\profapi.dll
0x00007ffcc0a60000 - 0x00007ffcc0aac000 	C:\WINDOWS\System32\powrprof.dll
0x00007ffcc0ab0000 - 0x00007ffcc0aba000 	C:\WINDOWS\System32\FLTLIB.DLL
0x00007ffc8f180000 - 0x00007ffc8f19a000 	C:\Program Files\Unity\Hub\Editor\2019.3.0a3\Editor\Data\PlaybackEngines\AndroidPlayer\Tools\OpenJDK\Windows\jre\bin\net.dll
0x00007ffcc0280000 - 0x00007ffcc02e6000 	C:\WINDOWS\system32\mswsock.dll
0x00007ffc89b00000 - 0x00007ffc89b11000 	C:\Program Files\Unity\Hub\Editor\2019.3.0a3\Editor\Data\PlaybackEngines\AndroidPlayer\Tools\OpenJDK\Windows\jre\bin\nio.dll
0x00007ffc88dd0000 - 0x00007ffc88dee000 	C:\Users\codyj\.gradle\native\25\windows-amd64\native-platform.dll
0x00007ffcbb170000 - 0x00007ffcbb17d000 	C:\Program Files\Unity\Hub\Editor\2019.3.0a3\Editor\Data\PlaybackEngines\AndroidPlayer\Tools\OpenJDK\Windows\jre\bin\management.dll

VM Arguments:
java_command: org.gradle.launcher.GradleMain -Dorg.gradle.jvmargs=-Xmx4096m --stop
java_class_path (initial): C:\Program Files\Unity\Hub\Editor\2019.3.0a3\Editor\Data\PlaybackEngines\AndroidPlayer\Tools\gradle\lib\gradle-launcher-4.6.jar
Launcher Type: SUN_STANDARD

Environment Variables:
JAVA_HOME=C:/Program Files/Unity/Hub/Editor/2019.3.0a3/Editor/Data/PlaybackEngines/AndroidPlayer/Tools\OpenJDK\Windows
USERNAME=codyj
OS=Windows_NT
PROCESSOR_IDENTIFIER=Intel64 Family 6 Model 158 Stepping 9, GenuineIntel



---------------  S Y S T E M  ---------------

OS: Windows 10.0 , 64 bit Build 17134 (10.0.17134.753)

CPU:total 8 (initial active 8) (4 cores per cpu, 2 threads per core) family 6 model 158 stepping 9, cmov, cx8, fxsr, mmx, sse, sse2, sse3, ssse3, sse4.1, sse4.2, popcnt, avx, avx2, aes, clmul, erms, 3dnowpref, lzcnt, ht, tsc, tscinvbit, bmi1, bmi2, adx

Memory: 4k page, physical 16624288k(3312480k free), swap 31205560k(16488k free)

vm_info: OpenJDK 64-Bit Server VM (25.71-b00) for windows-amd64 JRE (1.8.0-adoptopenjdk-_2018_05_19_00_59-b00), built on May 19 2018 01:02:12 by "jenkins" with MS VC++ 10.0 (VS2010)

time: Tue Jun 11 19:35:08 2019
elapsed time: 7 seconds (0d 0h 0m 7s)

